<?xml version="1.0" encoding="utf-8"?><testsuites name="pytest tests"><testsuite name="pytest" errors="0" failures="0" skipped="0" tests="45" time="0.055" timestamp="2026-03-07T15:18:06.419891+00:00" hostname="agent-env-9f609165-ad33-4688-afef-4d9d9498a7a6"><testcase classname="test_reports.pytest.test_static_analysis.TestRevenueCat" name="test_api_key_correct" time="0.000" /><testcase classname="test_reports.pytest.test_static_analysis.TestRevenueCat" name="test_entitlement_id_correct" time="0.000" /><testcase classname="test_reports.pytest.test_static_analysis.TestRevenueCat" name="test_purchases_offerings_support" time="0.000" /><testcase classname="test_reports.pytest.test_static_analysis.TestRevenueCat" name="test_customer_info_update_listener" time="0.000" /><testcase classname="test_reports.pytest.test_static_analysis.TestPremiumScreen" name="test_uses_revenuecat_ui_paywall" time="0.000" /><testcase classname="test_reports.pytest.test_static_analysis.TestPremiumScreen" name="test_purchase_completed_callback" time="0.000" /><testcase classname="test_reports.pytest.test_static_analysis.TestPremiumScreen" name="test_restore_completed_callback" time="0.000" /><testcase classname="test_reports.pytest.test_static_analysis.TestAppTsx" name="test_premium_context_exists" time="0.000" /><testcase classname="test_reports.pytest.test_static_analysis.TestAppTsx" name="test_customer_info_update_listener" time="0.000" /><testcase classname="test_reports.pytest.test_static_analysis.TestAppTsx" name="test_ad_banner_hidden_for_premium" time="0.000" /><testcase classname="test_reports.pytest.test_static_analysis.TestCreateHabitForm" name="test_uses_premium_hook" time="0.000" /><testcase classname="test_reports.pytest.test_static_analysis.TestCreateHabitForm" name="test_difficulty_priority_premium_gated" time="0.000" /><testcase classname="test_reports.pytest.test_static_analysis.TestJourneyScreen" name="test_premium_no_pro_badge" time="0.000" /><testcase classname="test_reports.pytest.test_static_analysis.TestJourneyScreen" name="test_non_premium_opacity" time="0.000" /><testcase classname="test_reports.pytest.test_static_analysis.TestJourneyScreen" name="test_start_button_text" time="0.000" /><testcase classname="test_reports.pytest.test_static_analysis.TestAccountScreen" name="test_premium_active_text" time="0.000" /><testcase classname="test_reports.pytest.test_static_analysis.TestAccountScreen" name="test_manage_subscription" time="0.000" /><testcase classname="test_reports.pytest.test_static_analysis.TestAccountScreen" name="test_revenuecat_ui_import" time="0.000" /><testcase classname="test_reports.pytest.test_static_analysis.TestAccountScreen" name="test_restore_purchases" time="0.000" /><testcase classname="test_reports.pytest.test_static_analysis.TestDurationScrollWheel" name="test_onscroll_handler" time="0.000" /><testcase classname="test_reports.pytest.test_static_analysis.TestDurationScrollWheel" name="test_scroll_event_throttle" time="0.000" /><testcase classname="test_reports.pytest.test_static_analysis.TestDurationScrollWheel" name="test_centered_index_state" time="0.000" /><testcase classname="test_reports.pytest.test_static_analysis.TestTimerScreenBreaks" name="test_break_slots_array" time="0.000" /><testcase classname="test_reports.pytest.test_static_analysis.TestTimerScreenBreaks" name="test_slot_based_availability" time="0.000" /><testcase classname="test_reports.pytest.test_static_analysis.TestTimerScreenBreaks" name="test_break_expiration" time="0.000" /><testcase classname="test_reports.pytest.test_static_analysis.TestTimerScreenBreaks" name="test_timer_pauses_during_break" time="0.000" /><testcase classname="test_reports.pytest.test_static_analysis.TestOnboardingScreen" name="test_four_steps" time="0.000" /><testcase classname="test_reports.pytest.test_static_analysis.TestOnboardingScreen" name="test_focus_apps_step" time="0.000" /><testcase classname="test_reports.pytest.test_static_analysis.TestOnboardingScreen" name="test_max_3_apps" time="0.000" /><testcase classname="test_reports.pytest.test_static_analysis.TestOnboardingScreen" name="test_phone_messages_locked" time="0.000" /><testcase classname="test_reports.pytest.test_static_analysis.TestScreenLockModule" name="test_screen_lock_module_exists" time="0.000" /><testcase classname="test_reports.pytest.test_static_analysis.TestScreenLockModule" name="test_react_method_annotations" time="0.000" /><testcase classname="test_reports.pytest.test_static_analysis.TestScreenLockPackage" name="test_screen_lock_package_exists" time="0.000" /><testcase classname="test_reports.pytest.test_static_analysis.TestScreenLockPackage" name="test_registered_in_main_application" time="0.000" /><testcase classname="test_reports.pytest.test_static_analysis.TestAuthContext" name="test_revenuecat_login_on_auth" time="0.000" /><testcase classname="test_reports.pytest.test_static_analysis.TestAuthContext" name="test_revenuecat_logout_on_signout" time="0.000" /><testcase classname="test_reports.pytest.test_static_analysis.TestThemeColors" name="test_primary_light_color" time="0.000" /><testcase classname="test_reports.pytest.test_static_analysis.TestThemeColors" name="test_primary_dark_color" time="0.000" /><testcase classname="test_reports.pytest.test_static_analysis.TestThemeColors" name="test_accent_light_color" time="0.000" /><testcase classname="test_reports.pytest.test_static_analysis.TestThemeColors" name="test_accent_dark_color" time="0.000" /><testcase classname="test_reports.pytest.test_static_analysis.TestBundleId" name="test_build_gradle_namespace" time="0.000" /><testcase classname="test_reports.pytest.test_static_analysis.TestBundleId" name="test_build_gradle_application_id" time="0.000" /><testcase classname="test_reports.pytest.test_static_analysis.TestBundleId" name="test_kotlin_package_declarations" time="0.000" /><testcase classname="test_reports.pytest.test_static_analysis.TestSplashScreen" name="test_fire_emoji_on_splash" time="0.000" /><testcase classname="test_reports.pytest.test_static_analysis.TestAppIcons" name="test_mipmap_icons_exist" time="0.000" /></testsuite></testsuites>